<?xml version="1.0" encoding="UTF-8"?>
<!-- Generated by org.testng.reporters.JUnitReportReporter -->
<testsuite hostname="LAPTOP-KL5AJ47R" failures="0" tests="1" name="Demo.Sample1Test" time="0.019" errors="0" timestamp="2022-11-22T17:41:13 IST" skipped="0">
  <testcase classname="Demo.Sample1Test" name="stest" time="0.019"/>
  <system-out/>
</testsuite> <!-- Demo.Sample1Test -->
