<?xml version="1.0" encoding="UTF-8"?>
<!-- Generated by org.testng.reporters.JUnitReportReporter -->
<testsuite hostname="LAPTOP-KL5AJ47R" failures="0" tests="1" name="Demo.DemoTest" time="0.006" errors="0" timestamp="2022-11-21T16:17:21 IST" skipped="0">
  <testcase classname="Demo.DemoTest" name="demo" time="0.006"/>
  <system-out/>
</testsuite> <!-- Demo.DemoTest -->
