<?xml version="1.0" encoding="UTF-8"?>
<!-- Generated by org.testng.reporters.JUnitReportReporter -->
<testsuite hostname="LAPTOP-KL5AJ47R" failures="0" tests="1" name="Demo.sampleTest" time="0.010" errors="0" timestamp="2022-11-22T17:40:17 IST" skipped="0">
  <testcase classname="Demo.sampleTest" name="sample" time="0.010"/>
  <system-out/>
</testsuite> <!-- Demo.sampleTest -->
